09:32:46.400 INFO [GridLauncherV3.parse] - Selenium server version: 3.141.59, revision: e82be7d358
09:32:46.489 INFO [GridLauncherV3.lambda$buildLaunchers$3] - Launching a standalone Selenium Server on port 4444
2019-01-30 09:32:46.535:INFO::main: Logging initialized @332ms to org.seleniumhq.jetty9.util.log.StdErrLog
09:32:46.722 INFO [WebDriverServlet.<init>] - Initialising WebDriverServlet
09:32:46.854 INFO [SeleniumServer.boot] - Selenium Server is up and running on port 4444
09:32:47.084 INFO [ActiveSessionFactory.apply] - Capabilities are: {
  "acceptSslCerts": true,
  "browserName": "chrome",
  "chromeOptions": {
    "args": [
      "disable-web-security",
      "ignore-certificate-errors",
      "--test-type"
    ]
  },
  "name": "Example\\google"
}
09:32:47.085 INFO [ActiveSessionFactory.lambda$apply$11] - Matched factory org.openqa.selenium.grid.session.remote.ServicedSession$Factory (provider: org.openqa.selenium.chrome.ChromeDriverService)
Starting ChromeDriver 2.45.615291 (ec3682e3c9061c10f26ea9e5cdcf3c53f3f74387) on port 44102
Only local connections are allowed.
09:32:50.059 INFO [ProtocolHandshake.createSession] - Detected dialect: OSS
09:32:50.339 INFO [RemoteSession$Factory.lambda$performHandshake$0] - Started new session e6a3d3fcb846d2d5dba047fe1c7af619 (org.openqa.selenium.chrome.ChromeDriverService)
09:33:39.858 INFO [ActiveSessions$1.onStop] - Removing session e6a3d3fcb846d2d5dba047fe1c7af619 (org.openqa.selenium.chrome.ChromeDriverService)
